<?xml version="1.0" encoding="UTF-8"?>
<!-- Generated by org.testng.reporters.JUnitReportReporter -->
<testsuite hostname="Pranavi" failures="0" tests="16" name="com.qa.opencart.tests.AccountsPageTest" time="0.000" errors="1" timestamp="2024-01-21T16:48:56 IST" skipped="15">
  <testcase classname="com.qa.opencart.tests.AccountsPageTest" name="logoutlinkexist" time="0.000">
    <skipped/>
  </testcase> <!-- logoutlinkexist -->
  <system-out/>
  <testcase classname="com.qa.opencart.tests.AccountsPageTest" name="searchproductcount" time="0.000">
    <skipped/>
  </testcase> <!-- searchproductcount -->
  <system-out/>
  <testcase classname="com.qa.opencart.tests.AccountsPageTest" name="searchproductcounttest" time="0.000">
    <skipped/>
  </testcase> <!-- searchproductcounttest -->
  <system-out/>
  <testcase classname="com.qa.opencart.tests.AccountsPageTest" name="checkacctheaderstext" time="0.000">
    <skipped/>
  </testcase> <!-- checkacctheaderstext -->
  <system-out/>
  <testcase classname="com.qa.opencart.tests.AccountsPageTest" name="searchproductcounttest" time="0.000">
    <skipped/>
  </testcase> <!-- searchproductcounttest -->
  <system-out/>
  <testcase classname="com.qa.opencart.tests.AccountsPageTest" name="checkacctheaders" time="0.000">
    <skipped/>
  </testcase> <!-- checkacctheaders -->
  <system-out/>
  <testcase classname="com.qa.opencart.tests.AccountsPageTest" name="searchproductcount" time="0.000">
    <skipped/>
  </testcase> <!-- searchproductcount -->
  <system-out/>
  <testcase classname="com.qa.opencart.tests.AccountsPageTest" name="searchproductcounttest" time="0.000">
    <skipped/>
  </testcase> <!-- searchproductcounttest -->
  <system-out/>
  <testcase classname="com.qa.opencart.tests.AccountsPageTest" name="searchproductcount" time="0.000">
    <skipped/>
  </testcase> <!-- searchproductcount -->
  <system-out/>
  <testcase classname="com.qa.opencart.tests.AccountsPageTest" name="acctpageurl" time="0.000">
    <skipped/>
  </testcase> <!-- acctpageurl -->
  <system-out/>
  <testcase classname="com.qa.opencart.tests.AccountsPageTest" name="searchproductcount" time="0.000">
    <skipped/>
  </testcase> <!-- searchproductcount -->
  <system-out/>
  <testcase classname="com.qa.opencart.tests.AccountsPageTest" name="searchproductcounttest" time="0.000">
    <skipped/>
  </testcase> <!-- searchproductcounttest -->
  <system-out/>
  <testcase classname="com.qa.opencart.tests.AccountsPageTest" name="searchtextexists" time="0.000">
    <skipped/>
  </testcase> <!-- searchtextexists -->
  <system-out/>
  <testcase classname="com.qa.opencart.tests.AccountsPageTest" name="searchproductcount" time="0.000">
    <skipped/>
  </testcase> <!-- searchproductcount -->
  <system-out/>
  <testcase classname="com.qa.opencart.tests.AccountsPageTest" name="acctpagesetup" time="0.000">
    <error message="Cannot invoke &quot;java.util.Properties.getProperty(String)&quot; because &quot;this.prop&quot; is null" type="java.lang.NullPointerException">
      <![CDATA[java.lang.NullPointerException: Cannot invoke "java.util.Properties.getProperty(String)" because "this.prop" is null
at com.qa.opencart.tests.AccountsPageTest.acctpagesetup(AccountsPageTest.java:18)
at java.base/jdk.internal.reflect.NativeMethodAccessorImpl.invoke0(Native Method)
at java.base/jdk.internal.reflect.NativeMethodAccessorImpl.invoke(NativeMethodAccessorImpl.java:77)
at java.base/jdk.internal.reflect.DelegatingMethodAccessorImpl.invoke(DelegatingMethodAccessorImpl.java:43)
at java.base/java.lang.reflect.Method.invoke(Method.java:568)
at org.testng.internal.MethodInvocationHelper.invokeMethod(MethodInvocationHelper.java:133)
at org.testng.internal.MethodInvocationHelper.invokeMethodConsideringTimeout(MethodInvocationHelper.java:62)
at org.testng.internal.ConfigInvoker.invokeConfigurationMethod(ConfigInvoker.java:385)
at org.testng.internal.ConfigInvoker.invokeConfigurations(ConfigInvoker.java:321)
at org.testng.internal.TestMethodWorker.invokeBeforeClassMethods(TestMethodWorker.java:176)
at org.testng.internal.TestMethodWorker.run(TestMethodWorker.java:122)
at java.base/java.util.ArrayList.forEach(ArrayList.java:1511)
at org.testng.TestRunner.privateRun(TestRunner.java:794)
at org.testng.TestRunner.run(TestRunner.java:596)
at org.testng.SuiteRunner.runTest(SuiteRunner.java:377)
at org.testng.SuiteRunner.runSequentially(SuiteRunner.java:371)
at org.testng.SuiteRunner.privateRun(SuiteRunner.java:332)
at org.testng.SuiteRunner.run(SuiteRunner.java:276)
at org.testng.SuiteRunnerWorker.runSuite(SuiteRunnerWorker.java:53)
at org.testng.SuiteRunnerWorker.run(SuiteRunnerWorker.java:96)
at org.testng.TestNG.runSuitesSequentially(TestNG.java:1212)
at org.testng.TestNG.runSuitesLocally(TestNG.java:1134)
at org.testng.TestNG.runSuites(TestNG.java:1063)
at org.testng.TestNG.run(TestNG.java:1031)
at org.testng.remote.AbstractRemoteTestNG.run(AbstractRemoteTestNG.java:115)
at org.testng.remote.RemoteTestNG.initAndRun(RemoteTestNG.java:251)
at org.testng.remote.RemoteTestNG.main(RemoteTestNG.java:77)
]]>
    </error>
  </testcase> <!-- acctpagesetup -->
  <system-out/>
  <testcase classname="com.qa.opencart.tests.AccountsPageTest" name="acctpagetitle" time="0.000">
    <skipped/>
  </testcase> <!-- acctpagetitle -->
  <system-out/>
</testsuite> <!-- com.qa.opencart.tests.AccountsPageTest -->
